Performing C SOURCE FILE Test CMAKE_HAVE_LIBC_PTHREAD failed with the following output:
Change Dir: D:/src/vulkan_tutorial/build/CMakeFiles/CMakeTmp

Run Build Command(s):C:/Program Files/Microsoft Visual Studio/2022/Community/MSBuild/Current/Bin/amd64/MSBuild.exe cmTC_0c0ed.vcxproj /p:Configuration=Debug /p:Platform=x64 /p:VisualStudioVersion=17.0 /v:m && MSBuild version 17.4.1+9a89d02ff for .NET Framework
  用于 x64 的 Microsoft (R) C/C++ 优化编译器 19.34.31942 版
  src.c
  版权所有(C) Microsoft Corporation。保留所有权利。
  cl /c /Zi /W1 /WX- /diagnostics:column /Od /Ob0 /D _MBCS /D WIN32 /D _WINDOWS /D CMAKE_HAVE_LIBC_PTHREAD /D "CMAKE_INTDIR=\"Debug\"" /Gm- /RTC1 /MDd /GS /fp:precise /Zc:wchar_t /Zc:forScope /Zc:inline /Fo"cmTC_0c0ed.dir\Debug\\" /Fd"cmTC_0c0ed.dir\Debug\vc143.pdb" /external:W1 /Gd /TC /errorReport:queue D:\src\vulkan_tutorial\build\CMakeFiles\CMakeTmp\src.c
D:\src\vulkan_tutorial\build\CMakeFiles\CMakeTmp\src.c(1,10): fatal  error C1083: 无法打开包括文件: “pthread.h”: No such file or directory [D:\src\vulkan_tutorial\build\CMakeFiles\CMakeTmp\cmTC_0c0ed.vcxproj]


Source file was:
#include <pthread.h>

static void* test_func(void* data)
{
  return data;
}

int main(void)
{
  pthread_t thread;
  pthread_create(&thread, NULL, test_func, NULL);
  pthread_detach(thread);
  pthread_cancel(thread);
  pthread_join(thread, NULL);
  pthread_atfork(NULL, NULL, NULL);
  pthread_exit(NULL);

  return 0;
}

Determining if the function pthread_create exists in the pthreads failed with the following output:
Change Dir: D:/src/vulkan_tutorial/build/CMakeFiles/CMakeTmp

Run Build Command(s):C:/Program Files/Microsoft Visual Studio/2022/Community/MSBuild/Current/Bin/amd64/MSBuild.exe cmTC_878ce.vcxproj /p:Configuration=Debug /p:Platform=x64 /p:VisualStudioVersion=17.0 /v:m && MSBuild version 17.4.1+9a89d02ff for .NET Framework
  用于 x64 的 Microsoft (R) C/C++ 优化编译器 19.34.31942 版
  CheckFunctionExists.c
  版权所有(C) Microsoft Corporation。保留所有权利。
  cl /c /Zi /W1 /WX- /diagnostics:column /Od /Ob0 /D _MBCS /D WIN32 /D _WINDOWS /D CHECK_FUNCTION_EXISTS=pthread_create /D "CMAKE_INTDIR=\"Debug\"" /Gm- /RTC1 /MDd /GS /fp:precise /Zc:wchar_t /Zc:forScope /Zc:inline /Fo"cmTC_878ce.dir\Debug\\" /Fd"cmTC_878ce.dir\Debug\vc143.pdb" /external:W1 /Gd /TC /errorReport:queue "C:\Program Files\cmake-3.24.0\share\cmake-3.24\Modules\CheckFunctionExists.c"
LINK : fatal error LNK1104: 无法打开文件“pthreads.lib” [D:\src\vulkan_tutorial\build\CMakeFiles\CMakeTmp\cmTC_878ce.vcxproj]



Determining if the function pthread_create exists in the pthread failed with the following output:
Change Dir: D:/src/vulkan_tutorial/build/CMakeFiles/CMakeTmp

Run Build Command(s):C:/Program Files/Microsoft Visual Studio/2022/Community/MSBuild/Current/Bin/amd64/MSBuild.exe cmTC_d85a7.vcxproj /p:Configuration=Debug /p:Platform=x64 /p:VisualStudioVersion=17.0 /v:m && MSBuild version 17.4.1+9a89d02ff for .NET Framework
  用于 x64 的 Microsoft (R) C/C++ 优化编译器 19.34.31942 版
  CheckFunctionExists.c
  版权所有(C) Microsoft Corporation。保留所有权利。
  cl /c /Zi /W1 /WX- /diagnostics:column /Od /Ob0 /D _MBCS /D WIN32 /D _WINDOWS /D CHECK_FUNCTION_EXISTS=pthread_create /D "CMAKE_INTDIR=\"Debug\"" /Gm- /RTC1 /MDd /GS /fp:precise /Zc:wchar_t /Zc:forScope /Zc:inline /Fo"cmTC_d85a7.dir\Debug\\" /Fd"cmTC_d85a7.dir\Debug\vc143.pdb" /external:W1 /Gd /TC /errorReport:queue "C:\Program Files\cmake-3.24.0\share\cmake-3.24\Modules\CheckFunctionExists.c"
LINK : fatal error LNK1104: 无法打开文件“pthread.lib” [D:\src\vulkan_tutorial\build\CMakeFiles\CMakeTmp\cmTC_d85a7.vcxproj]



